<?xml version="1.0" encoding="UTF-8"?>
<testng-results ignored="0" total="3" passed="2" failed="1" skipped="0">
  <reporter-output>
  </reporter-output>
  <suite started-at="2021-07-26T08:10:48Z" name="SeleniumDockerMaven212" finished-at="2021-07-26T08:11:50Z" duration-ms="61943">
    <groups>
    </groups>
    <test started-at="2021-07-26T08:10:48Z" name="SeleniumDocker" finished-at="2021-07-26T08:11:50Z" duration-ms="61943">
      <class name="org.wtt.test.SampleConnectGrid">
        <test-method signature="f()[pri:0, instance:org.wtt.test.SampleConnectGrid@15ca7889]" started-at="2021-07-26T13:41:06Z" name="f" finished-at="2021-07-26T13:41:16Z" duration-ms="9772" status="FAIL">
          <exception class="java.lang.AssertionError">
            <message>
              <![CDATA[expected [Google] but found [Google.com]]]>
            </message>
            <full-stacktrace>
              <![CDATA[java.lang.AssertionError: expected [Google] but found [Google.com]
	at org.testng.Assert.fail(Assert.java:93)
	at org.testng.Assert.failNotEquals(Assert.java:512)
	at org.testng.Assert.assertEqualsImpl(Assert.java:134)
	at org.testng.Assert.assertEquals(Assert.java:115)
	at org.testng.Assert.assertEquals(Assert.java:189)
	at org.testng.Assert.assertEquals(Assert.java:199)
	at org.wtt.test.SampleConnectGrid.f(SampleConnectGrid.java:25)
	at java.base/jdk.internal.reflect.NativeMethodAccessorImpl.invoke0(Native Method)
	at java.base/jdk.internal.reflect.NativeMethodAccessorImpl.invoke(NativeMethodAccessorImpl.java:62)
	at java.base/jdk.internal.reflect.DelegatingMethodAccessorImpl.invoke(DelegatingMethodAccessorImpl.java:43)
	at java.base/java.lang.reflect.Method.invoke(Method.java:564)
	at org.testng.internal.MethodInvocationHelper.invokeMethod(MethodInvocationHelper.java:108)
	at org.testng.internal.Invoker.invokeMethod(Invoker.java:661)
	at org.testng.internal.Invoker.invokeTestMethod(Invoker.java:869)
	at org.testng.internal.Invoker.invokeTestMethods(Invoker.java:1193)
	at org.testng.internal.TestMethodWorker.invokeTestMethods(TestMethodWorker.java:126)
	at org.testng.internal.TestMethodWorker.run(TestMethodWorker.java:109)
	at org.testng.TestRunner.privateRun(TestRunner.java:744)
	at org.testng.TestRunner.run(TestRunner.java:602)
	at org.testng.SuiteRunner.runTest(SuiteRunner.java:380)
	at org.testng.SuiteRunner.runSequentially(SuiteRunner.java:375)
	at org.testng.SuiteRunner.privateRun(SuiteRunner.java:340)
	at org.testng.SuiteRunner.run(SuiteRunner.java:289)
	at org.testng.SuiteRunnerWorker.runSuite(SuiteRunnerWorker.java:52)
	at org.testng.SuiteRunnerWorker.run(SuiteRunnerWorker.java:86)
	at org.testng.TestNG.runSuitesSequentially(TestNG.java:1301)
	at org.testng.TestNG.runSuitesLocally(TestNG.java:1226)
	at org.testng.TestNG.runSuites(TestNG.java:1144)
	at org.testng.TestNG.run(TestNG.java:1115)
	at org.testng.remote.AbstractRemoteTestNG.run(AbstractRemoteTestNG.java:115)
	at org.testng.remote.RemoteTestNG.initAndRun(RemoteTestNG.java:251)
	at org.testng.remote.RemoteTestNG.main(RemoteTestNG.java:77)
]]>
            </full-stacktrace>
          </exception> <!-- java.lang.AssertionError -->
          <reporter-output>
          </reporter-output>
        </test-method> <!-- f -->
      </class> <!-- org.wtt.test.SampleConnectGrid -->
      <class name="org.wtt.test.SeleniumDocker">
        <test-method is-config="true" signature="setupBeforeSuite(org.testng.ITestContext)[pri:0, instance:org.wtt.test.SeleniumDocker@3c0be339]" started-at="2021-07-26T13:40:48Z" name="setupBeforeSuite" finished-at="2021-07-26T13:40:48Z" duration-ms="40" status="PASS">
          <params>
            <param index="0">
              <value>
                <![CDATA[org.testng.TestRunner@3044e9c7]]>
              </value>
            </param>
          </params>
          <reporter-output>
          </reporter-output>
        </test-method> <!-- setupBeforeSuite -->
        <test-method is-config="true" signature="setUp()[pri:0, instance:org.wtt.test.SeleniumDocker@3c0be339]" started-at="2021-07-26T13:40:48Z" name="setUp" finished-at="2021-07-26T13:41:06Z" duration-ms="18551" status="PASS">
          <reporter-output>
          </reporter-output>
        </test-method> <!-- setUp -->
        <test-method signature="simpleTest()[pri:1, instance:org.wtt.test.SeleniumDocker@3c0be339]" started-at="2021-07-26T13:41:20Z" name="simpleTest" finished-at="2021-07-26T13:41:25Z" duration-ms="4783" status="PASS">
          <reporter-output>
          </reporter-output>
        </test-method> <!-- simpleTest -->
        <test-method signature="testCheckBox()[pri:2, instance:org.wtt.test.SeleniumDocker@3c0be339]" started-at="2021-07-26T13:41:25Z" name="testCheckBox" finished-at="2021-07-26T13:41:49Z" duration-ms="24566" status="PASS">
          <reporter-output>
          </reporter-output>
        </test-method> <!-- testCheckBox -->
        <test-method is-config="true" signature="afterTest()[pri:0, instance:org.wtt.test.SeleniumDocker@3c0be339]" started-at="2021-07-26T13:41:50Z" name="afterTest" finished-at="2021-07-26T13:41:50Z" duration-ms="0" status="PASS">
          <reporter-output>
          </reporter-output>
        </test-method> <!-- afterTest -->
      </class> <!-- org.wtt.test.SeleniumDocker -->
    </test> <!-- SeleniumDocker -->
  </suite> <!-- SeleniumDockerMaven212 -->
</testng-results>
